<?xml version="1.0" encoding="UTF-8"?>
<!-- Generated by org.testng.reporters.JUnitXMLReporter -->
<testsuite ignored="0" hostname="DESKTOP-DJ4FDME" failures="0" tests="3" name="Default test" time="15.393" errors="0" timestamp="2024-07-02T20:27:38 IST">
  <testcase classname="org.fb.automation.testcases.TS01_LoginScenario_DDF" name="tc01_validateloginfunctionaility" time="0.822"/>
  <testcase classname="org.fb.automation.testcases.TS01_LoginScenario_DDF" name="tc01_validateloginfunctionaility" time="0.949"/>
  <testcase classname="org.fb.automation.testcases.TS01_LoginScenario_DDF" name="tc01_validateloginfunctionaility" time="0.889"/>
</testsuite> <!-- Default test -->
