<?xml version="1.0" encoding="UTF-8"?>
<!-- Generated by org.testng.reporters.JUnitXMLReporter -->
<testsuite ignored="2" hostname="DESKTOP-DJ4FDME" failures="0" tests="2" name="Test" time="84.072" errors="0" timestamp="2024-06-28T20:11:40 IST">
  <testcase classname="org.xyz.automation.proj.KeyboardMouse" name="handleAlerts" time="4.71"/>
  <testcase classname="org.xyz.automation.proj.KeyboardMouse" name="handleFrames" time="79.271"/>
  <testcase classname="org.xyz.automation.proj.KeyboardMouse" name="handlekeyboard" time="0.0">
    <ignored/>
  </testcase> <!-- handlekeyboard -->
  <testcase classname="org.xyz.automation.proj.KeyboardMouse" name="handlemouse" time="0.0">
    <ignored/>
  </testcase> <!-- handlemouse -->
</testsuite> <!-- Test -->
