<?xml version="1.0" encoding="UTF-8"?>
<testng-results ignored="0" total="3" passed="3" failed="0" skipped="0">
  <reporter-output>
  </reporter-output>
  <suite started-at="2024-07-02T20:27:23 IST" name="Default suite" finished-at="2024-07-02T20:27:38 IST" duration-ms="15393">
    <groups>
    </groups>
    <test started-at="2024-07-02T20:27:23 IST" name="Default test" finished-at="2024-07-02T20:27:38 IST" duration-ms="15393">
      <class name="org.fb.automation.testcases.TS01_LoginScenario_DDF">
        <test-method is-config="true" signature="launchBrowser()[pri:0, instance:org.fb.automation.testcases.TS01_LoginScenario_DDF@6bd61f98]" started-at="2024-07-02T20:27:23 IST" name="launchBrowser" finished-at="2024-07-02T20:27:28 IST" duration-ms="4944" status="PASS">
          <reporter-output>
          </reporter-output>
        </test-method> <!-- launchBrowser -->
        <test-method signature="tc01_validateloginfunctionaility(java.lang.String,java.lang.String)[pri:0, instance:org.fb.automation.testcases.TS01_LoginScenario_DDF@6bd61f98]" started-at="2024-07-02T20:27:28 IST" name="tc01_validateloginfunctionaility" data-provider="staticdata" finished-at="2024-07-02T20:27:29 IST" duration-ms="822" status="PASS">
          <params>
            <param index="0">
              <value>
                <![CDATA[user1]]>
              </value>
            </param>
            <param index="1">
              <value>
                <![CDATA[pass1]]>
              </value>
            </param>
          </params>
          <reporter-output>
          </reporter-output>
        </test-method> <!-- tc01_validateloginfunctionaility -->
        <test-method is-config="true" signature="closeBrowser()[pri:0, instance:org.fb.automation.testcases.TS01_LoginScenario_DDF@6bd61f98]" started-at="2024-07-02T20:27:29 IST" name="closeBrowser" finished-at="2024-07-02T20:27:29 IST" duration-ms="1" status="PASS">
          <reporter-output>
          </reporter-output>
        </test-method> <!-- closeBrowser -->
        <test-method is-config="true" signature="launchBrowser()[pri:0, instance:org.fb.automation.testcases.TS01_LoginScenario_DDF@6bd61f98]" started-at="2024-07-02T20:27:29 IST" name="launchBrowser" finished-at="2024-07-02T20:27:33 IST" duration-ms="3730" status="PASS">
          <reporter-output>
          </reporter-output>
        </test-method> <!-- launchBrowser -->
        <test-method signature="tc01_validateloginfunctionaility(java.lang.String,java.lang.String)[pri:0, instance:org.fb.automation.testcases.TS01_LoginScenario_DDF@6bd61f98]" started-at="2024-07-02T20:27:33 IST" name="tc01_validateloginfunctionaility" data-provider="staticdata" finished-at="2024-07-02T20:27:34 IST" duration-ms="949" status="PASS">
          <params>
            <param index="0">
              <value>
                <![CDATA[user2]]>
              </value>
            </param>
            <param index="1">
              <value>
                <![CDATA[pass2]]>
              </value>
            </param>
          </params>
          <reporter-output>
          </reporter-output>
        </test-method> <!-- tc01_validateloginfunctionaility -->
        <test-method is-config="true" signature="closeBrowser()[pri:0, instance:org.fb.automation.testcases.TS01_LoginScenario_DDF@6bd61f98]" started-at="2024-07-02T20:27:34 IST" name="closeBrowser" finished-at="2024-07-02T20:27:34 IST" duration-ms="3" status="PASS">
          <reporter-output>
          </reporter-output>
        </test-method> <!-- closeBrowser -->
        <test-method is-config="true" signature="launchBrowser()[pri:0, instance:org.fb.automation.testcases.TS01_LoginScenario_DDF@6bd61f98]" started-at="2024-07-02T20:27:34 IST" name="launchBrowser" finished-at="2024-07-02T20:27:37 IST" duration-ms="3898" status="PASS">
          <reporter-output>
          </reporter-output>
        </test-method> <!-- launchBrowser -->
        <test-method signature="tc01_validateloginfunctionaility(java.lang.String,java.lang.String)[pri:0, instance:org.fb.automation.testcases.TS01_LoginScenario_DDF@6bd61f98]" started-at="2024-07-02T20:27:37 IST" name="tc01_validateloginfunctionaility" data-provider="staticdata" finished-at="2024-07-02T20:27:38 IST" duration-ms="889" status="PASS">
          <params>
            <param index="0">
              <value>
                <![CDATA[user3]]>
              </value>
            </param>
            <param index="1">
              <value>
                <![CDATA[pass4]]>
              </value>
            </param>
          </params>
          <reporter-output>
          </reporter-output>
        </test-method> <!-- tc01_validateloginfunctionaility -->
        <test-method is-config="true" signature="closeBrowser()[pri:0, instance:org.fb.automation.testcases.TS01_LoginScenario_DDF@6bd61f98]" started-at="2024-07-02T20:27:38 IST" name="closeBrowser" finished-at="2024-07-02T20:27:38 IST" duration-ms="1" status="PASS">
          <reporter-output>
          </reporter-output>
        </test-method> <!-- closeBrowser -->
      </class> <!-- org.fb.automation.testcases.TS01_LoginScenario_DDF -->
    </test> <!-- Default test -->
  </suite> <!-- Default suite -->
</testng-results>
